# JRE version: OpenJDK Runtime Environment (8.0_112-b06) (build 1.8.0_112-release-b06)
# Java VM: OpenJDK 64-Bit Server VM (25.112-b06 mixed mode windows-amd64 compressed oops)
Heap:
 PSYoungGen      total 90112K, used 34179K [0x00000000e0000000, 0x00000000e6500000, 0x0000000100000000)
  eden space 79872K, 42% used [0x00000000e0000000,0x00000000e2160ec0,0x00000000e4e00000)
  from space 10240K, 0% used [0x00000000e5a80000,0x00000000e5a80000,0x00000000e6480000)
  to   space 11776K, 0% used [0x00000000e4e00000,0x00000000e4e00000,0x00000000e5980000)
 ParOldGen       total 99840K, used 17413K [0x00000000a0000000, 0x00000000a6180000, 0x00000000e0000000)
  object space 99840K, 17% used [0x00000000a0000000,0x00000000a11014a8,0x00000000a6180000)
 Metaspace       used 37407K, capacity 38118K, committed 38272K, reserved 1083392K
  class space    used 4956K, capacity 5172K, committed 5248K, reserved 1048576K
GC Heap History (10 events):
Event: 16.140 GC heap before
{Heap before GC invocations=6 (full 1):
 PSYoungGen      total 38400K, used 33280K [0x00000000e0000000, 0x00000000e2a80000, 0x0000000100000000)
  eden space 33280K, 100% used [0x00000000e0000000,0x00000000e2080000,0x00000000e2080000)
  from space 5120K, 0% used [0x00000000e2580000,0x00000000e2580000,0x00000000e2a80000)
  to   space 5120K, 0% used [0x00000000e2080000,0x00000000e2080000,0x00000000e2580000)
 ParOldGen       total 64000K, used 9122K [0x00000000a0000000, 0x00000000a3e80000, 0x00000000e0000000)
  object space 64000K, 14% used [0x00000000a0000000,0x00000000a08e8a98,0x00000000a3e80000)
 Metaspace       used 23657K, capacity 24080K, committed 24448K, reserved 1071104K
  class space    used 3180K, capacity 3337K, committed 3456K, reserved 1048576K
Event: 16.149 GC heap after
Heap after GC invocations=6 (full 1):
 PSYoungGen      total 38400K, used 3565K [0x00000000e0000000, 0x00000000e4800000, 0x0000000100000000)
  eden space 33280K, 0% used [0x00000000e0000000,0x00000000e0000000,0x00000000e2080000)
  from space 5120K, 69% used [0x00000000e2080000,0x00000000e23fb638,0x00000000e2580000)
  to   space 11264K, 0% used [0x00000000e3d00000,0x00000000e3d00000,0x00000000e4800000)
 ParOldGen       total 64000K, used 9122K [0x00000000a0000000, 0x00000000a3e80000, 0x00000000e0000000)
  object space 64000K, 14% used [0x00000000a0000000,0x00000000a08e8a98,0x00000000a3e80000)
 Metaspace       used 23657K, capacity 24080K, committed 24448K, reserved 1071104K
  class space    used 3180K, capacity 3337K, committed 3456K, reserved 1048576K
}
Event: 17.159 GC heap before
{Heap before GC invocations=7 (full 1):
 PSYoungGen      total 38400K, used 36845K [0x00000000e0000000, 0x00000000e4800000, 0x0000000100000000)
  eden space 33280K, 100% used [0x00000000e0000000,0x00000000e2080000,0x00000000e2080000)
  from space 5120K, 69% used [0x00000000e2080000,0x00000000e23fb638,0x00000000e2580000)
  to   space 11264K, 0% used [0x00000000e3d00000,0x00000000e3d00000,0x00000000e4800000)
 ParOldGen       total 64000K, used 9122K [0x00000000a0000000, 0x00000000a3e80000, 0x00000000e0000000)
  object space 64000K, 14% used [0x00000000a0000000,0x00000000a08e8a98,0x00000000a3e80000)
 Metaspace       used 26420K, capacity 26916K, committed 27136K, reserved 1073152K
  class space    used 3652K, capacity 3782K, committed 3840K, reserved 1048576K
Event: 17.169 GC heap after
Heap after GC invocations=7 (full 1):
 PSYoungGen      total 62464K, used 6243K [0x00000000e0000000, 0x00000000e4700000, 0x0000000100000000)
  eden space 52224K, 0% used [0x00000000e0000000,0x00000000e0000000,0x00000000e3300000)
  from space 10240K, 60% used [0x00000000e3d00000,0x00000000e4318fb8,0x00000000e4700000)
  to   space 10240K, 0% used [0x00000000e3300000,0x00000000e3300000,0x00000000e3d00000)
 ParOldGen       total 64000K, used 9130K [0x00000000a0000000, 0x00000000a3e80000, 0x00000000e0000000)
  object space 64000K, 14% used [0x00000000a0000000,0x00000000a08eaa98,0x00000000a3e80000)
 Metaspace       used 26420K, capacity 26916K, committed 27136K, reserved 1073152K
  class space    used 3652K, capacity 3782K, committed 3840K, reserved 1048576K
}
Event: 18.824 GC heap before
{Heap before GC invocations=8 (full 1):
 PSYoungGen      total 62464K, used 58467K [0x00000000e0000000, 0x00000000e4700000, 0x0000000100000000)
  eden space 52224K, 100% used [0x00000000e0000000,0x00000000e3300000,0x00000000e3300000)
  from space 10240K, 60% used [0x00000000e3d00000,0x00000000e4318fb8,0x00000000e4700000)
  to   space 10240K, 0% used [0x00000000e3300000,0x00000000e3300000,0x00000000e3d00000)
 ParOldGen       total 64000K, used 9130K [0x00000000a0000000, 0x00000000a3e80000, 0x00000000e0000000)
  object space 64000K, 14% used [0x00000000a0000000,0x00000000a08eaa98,0x00000000a3e80000)
 Metaspace       used 29665K, capacity 30288K, committed 30464K, reserved 1075200K
  class space    used 4061K, capacity 4242K, committed 4352K, reserved 1048576K
Event: 18.839 GC heap after
Heap after GC invocations=8 (full 1):
 PSYoungGen      total 62464K, used 7186K [0x00000000e0000000, 0x00000000e6480000, 0x0000000100000000)
  eden space 52224K, 0% used [0x00000000e0000000,0x00000000e0000000,0x00000000e3300000)
  from space 10240K, 70% used [0x00000000e3300000,0x00000000e3a04998,0x00000000e3d00000)
  to   space 10240K, 0% used [0x00000000e5a80000,0x00000000e5a80000,0x00000000e6480000)
 ParOldGen       total 64000K, used 9138K [0x00000000a0000000, 0x00000000a3e80000, 0x00000000e0000000)
  object space 64000K, 14% used [0x00000000a0000000,0x00000000a08eca98,0x00000000a3e80000)
 Metaspace       used 29665K, capacity 30288K, committed 30464K, reserved 1075200K
  class space    used 4061K, capacity 4242K, committed 4352K, reserved 1048576K
}
Event: 27.706 GC heap before
{Heap before GC invocations=9 (full 1):
 PSYoungGen      total 62464K, used 57234K [0x00000000e0000000, 0x00000000e6480000, 0x0000000100000000)
  eden space 52224K, 95% used [0x00000000e0000000,0x00000000e30dffe0,0x00000000e3300000)
  from space 10240K, 70% used [0x00000000e3300000,0x00000000e3a04998,0x00000000e3d00000)
  to   space 10240K, 0% used [0x00000000e5a80000,0x00000000e5a80000,0x00000000e6480000)
 ParOldGen       total 64000K, used 9138K [0x00000000a0000000, 0x00000000a3e80000, 0x00000000e0000000)
  object space 64000K, 14% used [0x00000000a0000000,0x00000000a08eca98,0x00000000a3e80000)
 Metaspace       used 34670K, capacity 35470K, committed 35496K, reserved 1079296K
  class space    used 4622K, capacity 4840K, committed 4864K, reserved 1048576K
Event: 27.725 GC heap after
Heap after GC invocations=9 (full 1):
 PSYoungGen      total 90112K, used 10222K [0x00000000e0000000, 0x00000000e6500000, 0x0000000100000000)
  eden space 79872K, 0% used [0x00000000e0000000,0x00000000e0000000,0x00000000e4e00000)
  from space 10240K, 99% used [0x00000000e5a80000,0x00000000e647bae8,0x00000000e6480000)
  to   space 11776K, 0% used [0x00000000e4e00000,0x00000000e4e00000,0x00000000e5980000)
 ParOldGen       total 64000K, used 10176K [0x00000000a0000000, 0x00000000a3e80000, 0x00000000e0000000)
  object space 64000K, 15% used [0x00000000a0000000,0x00000000a09f01c8,0x00000000a3e80000)
 Metaspace       used 34670K, capacity 35470K, committed 35496K, reserved 1079296K
  class space    used 4622K, capacity 4840K, committed 4864K, reserved 1048576K
}
Event: 27.726 GC heap before
{Heap before GC invocations=10 (full 2):
 PSYoungGen      total 90112K, used 10222K [0x00000000e0000000, 0x00000000e6500000, 0x0000000100000000)
  eden space 79872K, 0% used [0x00000000e0000000,0x00000000e0000000,0x00000000e4e00000)
  from space 10240K, 99% used [0x00000000e5a80000,0x00000000e647bae8,0x00000000e6480000)
  to   space 11776K, 0% used [0x00000000e4e00000,0x00000000e4e00000,0x00000000e5980000)
 ParOldGen       total 64000K, used 10176K [0x00000000a0000000, 0x00000000a3e80000, 0x00000000e0000000)
  object space 64000K, 15% used [0x00000000a0000000,0x00000000a09f01c8,0x00000000a3e80000)
 Metaspace       used 34670K, capacity 35470K, committed 35496K, reserved 1079296K
  class space    used 4622K, capacity 4840K, committed 4864K, reserved 1048576K
Event: 27.866 GC heap after
Heap after GC invocations=10 (full 2):
 PSYoungGen      total 90112K, used 0K [0x00000000e0000000, 0x00000000e6500000, 0x0000000100000000)
  eden space 79872K, 0% used [0x00000000e0000000,0x00000000e0000000,0x00000000e4e00000)
  from space 10240K, 0% used [0x00000000e5a80000,0x00000000e5a80000,0x00000000e6480000)
  to   space 11776K, 0% used [0x00000000e4e00000,0x00000000e4e00000,0x00000000e5980000)
 ParOldGen       total 99840K, used 17413K [0x00000000a0000000, 0x00000000a6180000, 0x00000000e0000000)
  object space 99840K, 17% used [0x00000000a0000000,0x00000000a11014a8,0x00000000a6180000)
 Metaspace       used 34639K, capacity 35350K, committed 35496K, reserved 1079296K
  class space    used 4613K, capacity 4800K, committed 4864K, reserved 1048576K
}

